autoscan: warning: missing AC_CHECK_FUNCS([memset]) wanted by: 
	src/hashtbl.c:22
	src/hashtbl.c:59
	src/hashtbl2.c:25
	src/hashtbl2.c:66
	src/bstree.c:51
autoscan: warning: missing AC_CHECK_HEADERS([fcntl.h]) wanted by: 
	src/linklist.h:18
autoscan: warning: missing AC_C_CONST wanted by: 
	src/bstree.h:47
	src/bstree.h:47
	src/bstree.h:64
	src/bstree.h:64
	src/linklist.h:43
	src/linklist.h:44
	src/linklist.h:84
	src/linklist.h:84
	src/bstree.c:36
	src/bstree.c:36
	src/linklist.c:8
	src/linklist.c:8
autoscan: warning: missing AC_FUNC_MALLOC wanted by: 
	src/hashtbl.c:20
	src/hashtbl.c:68
	src/hashtbl.c:70
	src/hashtbl.c:82
	src/hashtbl2.c:23
	src/hashtbl2.c:75
	src/hashtbl2.c:77
	src/hashtbl2.c:89
	src/bstree.c:92
	src/linklist.c:19
autoscan: warning: missing AC_TYPE_SIZE_T wanted by: 
	src/hashtbl.c:6
	src/hashtbl.c:176
	src/linklist.h:41
	src/hashtbl2.c:6
	src/hashtbl2.c:7
	src/hashtbl2.c:183
	src/hashtbl.h:24
	src/hashtbl.h:25
	src/hashtbl.h:50
	src/hashtbl2.h:23
	src/hashtbl2.h:24
	src/hashtbl2.h:25
	src/hashtbl2.h:54
	src/hashtbl2.h:55
	src/ht2_GeneralHashFunctions.h:32
	src/ht2_GeneralHashFunctions.h:35
	src/ht2_GeneralHashFunctions.h:35
	src/ht2_GeneralHashFunctions.h:36
	src/ht2_GeneralHashFunctions.h:36
	src/ht2_GeneralHashFunctions.h:37
	src/ht2_GeneralHashFunctions.h:37
	src/ht2_GeneralHashFunctions.h:38
	src/ht2_GeneralHashFunctions.h:38
	src/ht2_GeneralHashFunctions.h:39
	src/ht2_GeneralHashFunctions.h:39
	src/ht2_GeneralHashFunctions.h:40
	src/ht2_GeneralHashFunctions.h:40
	src/ht2_GeneralHashFunctions.h:41
	src/ht2_GeneralHashFunctions.h:41
	src/ht2_GeneralHashFunctions.h:42
	src/ht2_GeneralHashFunctions.h:42
	src/ht2_GeneralHashFunctions.h:43
	src/ht2_GeneralHashFunctions.h:43
	src/linklist.c:166
	src/GeneralHashFunctions.c:3
	src/GeneralHashFunctions.c:3
	src/GeneralHashFunctions.c:5
	src/GeneralHashFunctions.c:6
	src/GeneralHashFunctions.c:7
	src/GeneralHashFunctions.c:8
	src/GeneralHashFunctions.c:22
	src/GeneralHashFunctions.c:22
	src/GeneralHashFunctions.c:24
	src/GeneralHashFunctions.c:25
	src/GeneralHashFunctions.c:38
	src/GeneralHashFunctions.c:38
	src/GeneralHashFunctions.c:40
	src/GeneralHashFunctions.c:40
	src/GeneralHashFunctions.c:40
	src/GeneralHashFunctions.c:41
	src/GeneralHashFunctions.c:41
	src/GeneralHashFunctions.c:42
	src/GeneralHashFunctions.c:42
	src/GeneralHashFunctions.c:43
	src/GeneralHashFunctions.c:43
	src/GeneralHashFunctions.c:44
	src/GeneralHashFunctions.c:45
	src/GeneralHashFunctions.c:46
	src/GeneralHashFunctions.c:64
	src/GeneralHashFunctions.c:64
	src/GeneralHashFunctions.c:66
	src/GeneralHashFunctions.c:67
	src/GeneralHashFunctions.c:68
	src/GeneralHashFunctions.c:86
	src/GeneralHashFunctions.c:86
	src/GeneralHashFunctions.c:88
	src/GeneralHashFunctions.c:89
	src/GeneralHashFunctions.c:90
	src/GeneralHashFunctions.c:103
	src/GeneralHashFunctions.c:103
	src/GeneralHashFunctions.c:105
	src/GeneralHashFunctions.c:106
	src/GeneralHashFunctions.c:119
	src/GeneralHashFunctions.c:119
	src/GeneralHashFunctions.c:121
	src/GeneralHashFunctions.c:122
	src/GeneralHashFunctions.c:135
	src/GeneralHashFunctions.c:135
	src/GeneralHashFunctions.c:137
	src/GeneralHashFunctions.c:138
	src/GeneralHashFunctions.c:150
	src/GeneralHashFunctions.c:150
	src/GeneralHashFunctions.c:152
	src/GeneralHashFunctions.c:153
